<?xml version="1.0" encoding="UTF-8"?>
<testng-results ignored="0" total="1" passed="1" failed="0" skipped="0">
  <reporter-output>
  </reporter-output>
  <suite started-at="2025-07-02T12:07:09 IST" name="Default suite" finished-at="2025-07-02T12:08:27 IST" duration-ms="77991">
    <groups>
    </groups>
    <test started-at="2025-07-02T12:07:09 IST" name="Default test" finished-at="2025-07-02T12:08:27 IST" duration-ms="77991">
      <class name="collation.Individual.CRUDoperation">
        <test-method is-config="true" signature="lunchchrome()[pri:0, instance:collation.Individual.CRUDoperation@47eaca72]" started-at="2025-07-02T12:07:09 IST" name="lunchchrome" finished-at="2025-07-02T12:07:11 IST" duration-ms="2362" status="PASS">
          <reporter-output>
          </reporter-output>
        </test-method> <!-- lunchchrome -->
        <test-method signature="CRUDoperations()[pri:0, instance:collation.Individual.CRUDoperation@47eaca72]" started-at="2025-07-02T12:07:11 IST" name="CRUDoperations" finished-at="2025-07-02T12:08:27 IST" duration-ms="75393" status="PASS">
          <reporter-output>
          </reporter-output>
        </test-method> <!-- CRUDoperations -->
        <test-method is-config="true" signature="exit()[pri:0, instance:collation.Individual.CRUDoperation@47eaca72]" started-at="2025-07-02T12:08:27 IST" name="exit" finished-at="2025-07-02T12:08:27 IST" duration-ms="211" status="PASS">
          <reporter-output>
          </reporter-output>
        </test-method> <!-- exit -->
      </class> <!-- collation.Individual.CRUDoperation -->
    </test> <!-- Default test -->
  </suite> <!-- Default suite -->
</testng-results>
